This is pdfTeX, Version 3.14159265-2.6-1.40.19 (TeX Live 2018) (preloaded format=pdflatex 2018.7.19)  24 JUL 2018 18:38
entering extended mode
 restricted \write18 enabled.
 file:line:error style messages enabled.
 %&-line parsing enabled.
**figures.tex
(./figures.tex
LaTeX2e <2018-04-01> patch level 2
Babel <3.18> and hyphenation patterns for 84 language(s) loaded.
(/usr/local/texlive/2018/texmf-dist/tex/latex/base/article.cls
Document Class: article 2014/09/29 v1.4h Standard LaTeX document class
(/usr/local/texlive/2018/texmf-dist/tex/latex/base/size11.clo
File: size11.clo 2014/09/29 v1.4h Standard LaTeX file (size option)
)
\c@part=\count80
\c@section=\count81
\c@subsection=\count82
\c@subsubsection=\count83
\c@paragraph=\count84
\c@subparagraph=\count85
\c@figure=\count86
\c@table=\count87
\abovecaptionskip=\skip41
\belowcaptionskip=\skip42
\bibindent=\dimen102
)
(/usr/local/texlive/2018/texmf-dist/tex/latex/graphics/epsfig.sty
Package: epsfig 2017/06/25 v1.7b (e)psfig emulation (SPQR)

(/usr/local/texlive/2018/texmf-dist/tex/latex/graphics/graphicx.sty
Package: graphicx 2017/06/01 v1.1a Enhanced LaTeX Graphics (DPC,SPQR)

(/usr/local/texlive/2018/texmf-dist/tex/latex/graphics/keyval.sty
Package: keyval 2014/10/28 v1.15 key=value parser (DPC)
\KV@toks@=\toks14
)
(/usr/local/texlive/2018/texmf-dist/tex/latex/graphics/graphics.sty
Package: graphics 2017/06/25 v1.2c Standard LaTeX Graphics (DPC,SPQR)

(/usr/local/texlive/2018/texmf-dist/tex/latex/graphics/trig.sty
Package: trig 2016/01/03 v1.10 sin cos tan (DPC)
)
(/usr/local/texlive/2018/texmf-dist/tex/latex/graphics-cfg/graphics.cfg
File: graphics.cfg 2016/06/04 v1.11 sample graphics configuration
)
Package graphics Info: Driver file: pdftex.def on input line 99.

(/usr/local/texlive/2018/texmf-dist/tex/latex/graphics-def/pdftex.def
File: pdftex.def 2018/01/08 v1.0l Graphics/color driver for pdftex
))
\Gin@req@height=\dimen103
\Gin@req@width=\dimen104
)
\epsfxsize=\dimen105
\epsfysize=\dimen106
)
(/usr/local/texlive/2018/texmf-dist/tex/latex/amsfonts/amssymb.sty
Package: amssymb 2013/01/14 v3.01 AMS font symbols

(/usr/local/texlive/2018/texmf-dist/tex/latex/amsfonts/amsfonts.sty
Package: amsfonts 2013/01/14 v3.01 Basic AMSFonts support
\@emptytoks=\toks15
\symAMSa=\mathgroup4
\symAMSb=\mathgroup5
LaTeX Font Info:    Overwriting math alphabet `\mathfrak' in version `bold'
(Font)                  U/euf/m/n --> U/euf/b/n on input line 106.
))
(/usr/local/texlive/2018/texmf-dist/tex/latex/oberdiek/epstopdf.sty
Package: epstopdf 2016/05/15 v2.6 Conversion with epstopdf on the fly (HO)

(/usr/local/texlive/2018/texmf-dist/tex/latex/oberdiek/epstopdf-base.sty
Package: epstopdf-base 2016/05/15 v2.6 Base part for package epstopdf

(/usr/local/texlive/2018/texmf-dist/tex/generic/oberdiek/infwarerr.sty
Package: infwarerr 2016/05/16 v1.4 Providing info/warning/error messages (HO)
)
(/usr/local/texlive/2018/texmf-dist/tex/latex/oberdiek/grfext.sty
Package: grfext 2016/05/16 v1.2 Manage graphics extensions (HO)

(/usr/local/texlive/2018/texmf-dist/tex/generic/oberdiek/kvdefinekeys.sty
Package: kvdefinekeys 2016/05/16 v1.4 Define keys (HO)

(/usr/local/texlive/2018/texmf-dist/tex/generic/oberdiek/ltxcmds.sty
Package: ltxcmds 2016/05/16 v1.23 LaTeX kernel commands for general use (HO)
)))
(/usr/local/texlive/2018/texmf-dist/tex/latex/oberdiek/kvoptions.sty
Package: kvoptions 2016/05/16 v3.12 Key value format for package options (HO)

(/usr/local/texlive/2018/texmf-dist/tex/generic/oberdiek/kvsetkeys.sty
Package: kvsetkeys 2016/05/16 v1.17 Key value parser (HO)

(/usr/local/texlive/2018/texmf-dist/tex/generic/oberdiek/etexcmds.sty
Package: etexcmds 2016/05/16 v1.6 Avoid name clashes with e-TeX commands (HO)

(/usr/local/texlive/2018/texmf-dist/tex/generic/oberdiek/ifluatex.sty
Package: ifluatex 2016/05/16 v1.4 Provides the ifluatex switch (HO)
Package ifluatex Info: LuaTeX not detected.
)
Package etexcmds Info: Could not find \expanded.
(etexcmds)             That can mean that you are not using pdfTeX 1.50 or
(etexcmds)             that some package has redefined \expanded.
(etexcmds)             In the latter case, load this package earlier.
)))
(/usr/local/texlive/2018/texmf-dist/tex/generic/oberdiek/pdftexcmds.sty
Package: pdftexcmds 2018/01/30 v0.27 Utility functions of pdfTeX for LuaTeX (HO
)

(/usr/local/texlive/2018/texmf-dist/tex/generic/oberdiek/ifpdf.sty
Package: ifpdf 2017/03/15 v3.2 Provides the ifpdf switch
)
Package pdftexcmds Info: LuaTeX not detected.
Package pdftexcmds Info: \pdf@primitive is available.
Package pdftexcmds Info: \pdf@ifprimitive is available.
Package pdftexcmds Info: \pdfdraftmode found.
)
Package epstopdf-base Info: Redefining graphics rule for `.eps' on input line 4
38.
Package grfext Info: Graphics extension search list:
(grfext)             [.pdf,.png,.jpg,.mps,.jpeg,.jbig2,.jb2,.PDF,.PNG,.JPG,.JPE
G,.JBIG2,.JB2,.eps]
(grfext)             \AppendGraphicsExtensions on input line 456.

(/usr/local/texlive/2018/texmf-dist/tex/latex/latexconfig/epstopdf-sys.cfg
File: epstopdf-sys.cfg 2010/07/13 v1.3 Configuration of (r)epstopdf for TeX Liv
e
)))
(/usr/local/texlive/2018/texmf-dist/tex/latex/jknapltx/mathrsfs.sty
Package: mathrsfs 1996/01/01 Math RSFS package v1.0 (jk)
\symrsfs=\mathgroup6
)
(/usr/local/texlive/2018/texmf-dist/tex/latex/tools/array.sty
Package: array 2018/04/07 v2.4g Tabular extension package (FMi)
\col@sep=\dimen107
\ar@mcellbox=\box26
\extrarowheight=\dimen108
\NC@list=\toks16
\extratabsurround=\skip43
\backup@length=\skip44
\ar@cellbox=\box27
)
(/usr/local/texlive/2018/texmf-dist/tex/latex/xcolor/xcolor.sty
Package: xcolor 2016/05/11 v2.12 LaTeX color extensions (UK)

(/usr/local/texlive/2018/texmf-dist/tex/latex/graphics-cfg/color.cfg
File: color.cfg 2016/01/02 v1.6 sample color configuration
)
Package xcolor Info: Driver file: pdftex.def on input line 225.
Package xcolor Info: Model `cmy' substituted by `cmy0' on input line 1348.
Package xcolor Info: Model `hsb' substituted by `rgb' on input line 1352.
Package xcolor Info: Model `RGB' extended on input line 1364.
Package xcolor Info: Model `HTML' substituted by `rgb' on input line 1366.
Package xcolor Info: Model `Hsb' substituted by `hsb' on input line 1367.
Package xcolor Info: Model `tHsb' substituted by `hsb' on input line 1368.
Package xcolor Info: Model `HSB' substituted by `hsb' on input line 1369.
Package xcolor Info: Model `Gray' substituted by `gray' on input line 1370.
Package xcolor Info: Model `wave' substituted by `hsb' on input line 1371.
)
(/usr/local/texlive/2018/texmf-dist/tex/latex/fp/fp.sty
Package: fp 1995/04/02

`Fixed Point Package', Version 0.8, April 2, 1995 (C) Michael Mehlich
(/usr/local/texlive/2018/texmf-dist/tex/latex/fp/defpattern.sty
Package: defpattern 1994/10/12
\actioncount=\count88
)
(/usr/local/texlive/2018/texmf-dist/tex/latex/fp/fp-basic.sty
Package: fp-basic 1996/05/13
\FP@xs=\count89
\FP@xia=\count90
\FP@xib=\count91
\FP@xfa=\count92
\FP@xfb=\count93
\FP@rega=\count94
\FP@regb=\count95
\FP@regs=\count96
\FP@times=\count97
)
(/usr/local/texlive/2018/texmf-dist/tex/latex/fp/fp-addons.sty
Package: fp-addons 1995/03/15
)
(/usr/local/texlive/2018/texmf-dist/tex/latex/fp/fp-snap.sty
Package: fp-snap 1995/04/05
)
(/usr/local/texlive/2018/texmf-dist/tex/latex/fp/fp-exp.sty
Package: fp-exp 1995/04/03
)
(/usr/local/texlive/2018/texmf-dist/tex/latex/fp/fp-trigo.sty
Package: fp-trigo 1995/04/14
)
(/usr/local/texlive/2018/texmf-dist/tex/latex/fp/fp-pas.sty
Package: fp-pas 1994/08/29
)
(/usr/local/texlive/2018/texmf-dist/tex/latex/fp/fp-random.sty
Package: fp-random 1995/02/23
\FPseed=\count98
)
(/usr/local/texlive/2018/texmf-dist/tex/latex/fp/fp-eqn.sty
Package: fp-eqn 1995/04/03
)
(/usr/local/texlive/2018/texmf-dist/tex/latex/fp/fp-upn.sty
Package: fp-upn 1996/10/21
)
(/usr/local/texlive/2018/texmf-dist/tex/latex/fp/fp-eval.sty
Package: fp-eval 1995/04/03
))
(/usr/local/texlive/2018/texmf-dist/tex/latex/tools/bm.sty
Package: bm 2017/01/16 v1.2c Bold Symbol Support (DPC/FMi)
\symboldoperators=\mathgroup7
\symboldletters=\mathgroup8
\symboldsymbols=\mathgroup9
LaTeX Font Info:    Redeclaring math alphabet \mathbf on input line 141.
LaTeX Info: Redefining \bm on input line 207.
)
(/usr/local/texlive/2018/texmf-dist/tex/latex/preview/preview.sty
Package: preview 2017/04/24 11.91 (AUCTeX/preview-latex)

(/usr/local/texlive/2018/texmf-dist/tex/generic/luatex85/luatex85.sty
Package: luatex85 2016/06/15 v1.4 pdftex aliases for luatex
)
(/usr/local/texlive/2018/texmf-dist/tex/latex/preview/prtightpage.def
\PreviewBorder=\dimen109
)
\pr@snippet=\count99
\pr@box=\box28
\pr@output=\toks17
)

LaTeX Warning: Unused global option(s):
    [ceqn].

(./figures.aux)
\openout1 = `figures.aux'.

LaTeX Font Info:    Checking defaults for OML/cmm/m/it on input line 53.
LaTeX Font Info:    ... okay on input line 53.
LaTeX Font Info:    Checking defaults for T1/cmr/m/n on input line 53.
LaTeX Font Info:    ... okay on input line 53.
LaTeX Font Info:    Checking defaults for OT1/cmr/m/n on input line 53.
LaTeX Font Info:    ... okay on input line 53.
LaTeX Font Info:    Checking defaults for OMS/cmsy/m/n on input line 53.
LaTeX Font Info:    ... okay on input line 53.
LaTeX Font Info:    Checking defaults for OMX/cmex/m/n on input line 53.
LaTeX Font Info:    ... okay on input line 53.
LaTeX Font Info:    Checking defaults for U/cmr/m/n on input line 53.
LaTeX Font Info:    ... okay on input line 53.

(/usr/local/texlive/2018/texmf-dist/tex/context/base/mkii/supp-pdf.mkii
[Loading MPS to PDF converter (version 2006.09.02).]
\scratchcounter=\count100
\scratchdimen=\dimen110
\scratchbox=\box29
\nofMPsegments=\count101
\nofMParguments=\count102
\everyMPshowfont=\toks18
\MPscratchCnt=\count103
\MPscratchDim=\dimen111
\MPnumerator=\count104
\makeMPintoPDFobject=\count105
\everyMPtoPDFconversion=\toks19
)
Preview: Fontsize 10.95pt
Preview: PDFoutput 1
<./figures/critical_correct.png, id=1, 2275.50125pt x 1293.83376pt>
File: ./figures/critical_correct.png Graphic file (type png)
<use ./figures/critical_correct.png>
Package pdftex.def Info: ./figures/critical_correct.png  used on input line 62.

(pdftex.def)             Requested size: 360.0pt x 204.68803pt.
LaTeX Font Info:    Try loading font information for U+msa on input line 63.
(/usr/local/texlive/2018/texmf-dist/tex/latex/amsfonts/umsa.fd
File: umsa.fd 2013/01/14 v3.01 AMS symbols A
)
LaTeX Font Info:    Try loading font information for U+msb on input line 63.

(/usr/local/texlive/2018/texmf-dist/tex/latex/amsfonts/umsb.fd
File: umsb.fd 2013/01/14 v3.01 AMS symbols B
)
LaTeX Font Info:    Try loading font information for U+rsfs on input line 63.

(/usr/local/texlive/2018/texmf-dist/tex/latex/jknapltx/ursfs.fd
File: ursfs.fd 1998/03/24 rsfs font definition file (jk)
)
Overfull \hbox (9.88567pt too wide) in paragraph at lines 70--72
[][] 
 []

Preview: Tightpage 0 -46616 0 0
[1{/usr/local/texlive/2018/texmf-var/fonts/map/pdftex/updmap/pdftex.map} <./fig
ures/critical_correct.png>]
<./figures/paper_slow.png, id=12, 2149.02875pt x 1213.53375pt>
File: ./figures/paper_slow.png Graphic file (type png)
<use ./figures/paper_slow.png>
Package pdftex.def Info: ./figures/paper_slow.png  used on input line 81.
(pdftex.def)             Requested size: 360.0pt x 203.27974pt.

Overfull \hbox (38.33841pt too wide) in paragraph at lines 88--90
[][] 
 []

Preview: Tightpage 0 -46616 0 0
[2 <./figures/paper_slow.png>]
<./figures/step1.png, id=18, 2120.92375pt x 1293.83376pt>
File: ./figures/step1.png Graphic file (type png)
<use ./figures/step1.png>
Package pdftex.def Info: ./figures/step1.png  used on input line 99.
(pdftex.def)             Requested size: 360.0pt x 219.59346pt.

Overfull \hbox (16.99884pt too wide) in paragraph at lines 107--109
[][] 
 []

Preview: Tightpage 0 -46616 0 0
[3 <./figures/step1.png>]
<./figures/step2.png, id=24, 2120.92375pt x 1293.83376pt>
File: ./figures/step2.png Graphic file (type png)
<use ./figures/step2.png>
Package pdftex.def Info: ./figures/step2.png  used on input line 118.
(pdftex.def)             Requested size: 360.0pt x 219.59346pt.

Overfull \hbox (16.99884pt too wide) in paragraph at lines 126--128
[][] 
 []

Preview: Tightpage 0 -46616 0 0
[4 <./figures/step2.png>]
<./figures/step3.png, id=29, 2120.92375pt x 1293.83376pt>
File: ./figures/step3.png Graphic file (type png)
<use ./figures/step3.png>
Package pdftex.def Info: ./figures/step3.png  used on input line 138.
(pdftex.def)             Requested size: 360.0pt x 219.59346pt.

Overfull \hbox (16.99884pt too wide) in paragraph at lines 145--147
[][] 
 []

Preview: Tightpage 0 -46616 0 0
[5 <./figures/step3.png>]
<./figures/step4.png, id=34, 2120.92375pt x 1293.83376pt>
File: ./figures/step4.png Graphic file (type png)
<use ./figures/step4.png>
Package pdftex.def Info: ./figures/step4.png  used on input line 157.
(pdftex.def)             Requested size: 360.0pt x 219.59346pt.

Overfull \hbox (9.88567pt too wide) in paragraph at lines 162--164
[][] 
 []

Preview: Tightpage 0 -46616 0 0
[6 <./figures/step4.png>]
Package epstopdf Info: Source file: <./figures/piece_BAX.eps>
(epstopdf)                    date: 2018-07-23 15:26:30
(epstopdf)                    size: 26749 bytes
(epstopdf)             Output file: <./figures/piece_BAX-eps-converted-to.pdf>
(epstopdf)                    date: 2018-07-23 15:47:12
(epstopdf)                    size: 32154 bytes
(epstopdf)             Command: <repstopdf --outfile=./figures/piece_BAX-eps-co
nverted-to.pdf ./figures/piece_BAX.eps>
(epstopdf)             \includegraphics on input line 174.
Package epstopdf Info: Output file is already uptodate.
<./figures/piece_BAX-eps-converted-to.pdf, id=39, 1023.825pt x 682.55pt>
File: ./figures/piece_BAX-eps-converted-to.pdf Graphic file (type pdf)
<use ./figures/piece_BAX-eps-converted-to.pdf>
Package pdftex.def Info: ./figures/piece_BAX-eps-converted-to.pdf  used on inpu
t line 174.
(pdftex.def)             Requested size: 360.0pt x 240.00005pt.

Overfull \hbox (66.79115pt too wide) in paragraph at lines 175--177
[][] 
 []

Preview: Tightpage 0 -46616 0 0
[7 <./figures/piece_BAX-eps-converted-to.pdf>]
Package epstopdf Info: Source file: <./figures/piece_BAY.eps>
(epstopdf)                    date: 2018-07-23 15:26:31
(epstopdf)                    size: 24404 bytes
(epstopdf)             Output file: <./figures/piece_BAY-eps-converted-to.pdf>
(epstopdf)                    date: 2018-07-23 15:47:13
(epstopdf)                    size: 29961 bytes
(epstopdf)             Command: <repstopdf --outfile=./figures/piece_BAY-eps-co
nverted-to.pdf ./figures/piece_BAY.eps>
(epstopdf)             \includegraphics on input line 186.
Package epstopdf Info: Output file is already uptodate.
<./figures/piece_BAY-eps-converted-to.pdf, id=54, 1023.825pt x 682.55pt>
File: ./figures/piece_BAY-eps-converted-to.pdf Graphic file (type pdf)
<use ./figures/piece_BAY-eps-converted-to.pdf>
Package pdftex.def Info: ./figures/piece_BAY-eps-converted-to.pdf  used on inpu
t line 186.
(pdftex.def)             Requested size: 360.0pt x 240.00005pt.

Overfull \hbox (66.79115pt too wide) in paragraph at lines 187--189
[][] 
 []

Preview: Tightpage 0 -46616 0 0
[8 <./figures/piece_BAY-eps-converted-to.pdf>]
Package epstopdf Info: Source file: <./figures/pieces_BAX.eps>
(epstopdf)                    date: 2018-07-23 15:26:27
(epstopdf)                    size: 105918 bytes
(epstopdf)             Output file: <./figures/pieces_BAX-eps-converted-to.pdf>

(epstopdf)                    date: 2018-07-23 15:47:13
(epstopdf)                    size: 92997 bytes
(epstopdf)             Command: <repstopdf --outfile=./figures/pieces_BAX-eps-c
onverted-to.pdf ./figures/pieces_BAX.eps>
(epstopdf)             \includegraphics on input line 198.
Package epstopdf Info: Output file is already uptodate.
<./figures/pieces_BAX-eps-converted-to.pdf, id=68, 1023.825pt x 682.55pt>
File: ./figures/pieces_BAX-eps-converted-to.pdf Graphic file (type pdf)
<use ./figures/pieces_BAX-eps-converted-to.pdf>
Package pdftex.def Info: ./figures/pieces_BAX-eps-converted-to.pdf  used on inp
ut line 198.
(pdftex.def)             Requested size: 360.0pt x 240.00005pt.

Overfull \hbox (66.79115pt too wide) in paragraph at lines 199--201
[][] 
 []

Preview: Tightpage 0 -46616 0 0
[9 <./figures/pieces_BAX-eps-converted-to.pdf>]
Package epstopdf Info: Source file: <./figures/pieces_BAY.eps>
(epstopdf)                    date: 2018-07-23 15:26:29
(epstopdf)                    size: 88353 bytes
(epstopdf)             Output file: <./figures/pieces_BAY-eps-converted-to.pdf>

(epstopdf)                    date: 2018-07-23 15:47:14
(epstopdf)                    size: 76858 bytes
(epstopdf)             Command: <repstopdf --outfile=./figures/pieces_BAY-eps-c
onverted-to.pdf ./figures/pieces_BAY.eps>
(epstopdf)             \includegraphics on input line 210.
Package epstopdf Info: Output file is already uptodate.
<./figures/pieces_BAY-eps-converted-to.pdf, id=82, 1023.825pt x 682.55pt>
File: ./figures/pieces_BAY-eps-converted-to.pdf Graphic file (type pdf)
<use ./figures/pieces_BAY-eps-converted-to.pdf>
Package pdftex.def Info: ./figures/pieces_BAY-eps-converted-to.pdf  used on inp
ut line 210.
(pdftex.def)             Requested size: 360.0pt x 240.00005pt.

Overfull \hbox (66.79115pt too wide) in paragraph at lines 211--213
[][] 
 []

Preview: Tightpage 0 -46616 0 0
[10 <./figures/pieces_BAY-eps-converted-to.pdf>]
<./figures/lin1.png, id=96, 2006.49625pt x 1293.83376pt>
File: ./figures/lin1.png Graphic file (type png)
<use ./figures/lin1.png>
Package pdftex.def Info: ./figures/lin1.png  used on input line 221.
(pdftex.def)             Requested size: 360.0pt x 232.12982pt.

Overfull \hbox (9.88567pt too wide) in paragraph at lines 226--228
[][] 
 []

Preview: Tightpage 0 -46616 0 0
[11 <./figures/lin1.png>]
<./figures/lin2.png, id=101, 2006.49625pt x 1293.83376pt>
File: ./figures/lin2.png Graphic file (type png)
<use ./figures/lin2.png>
Package pdftex.def Info: ./figures/lin2.png  used on input line 238.
(pdftex.def)             Requested size: 360.0pt x 232.12982pt.

Overfull \hbox (9.88567pt too wide) in paragraph at lines 243--245
[][] 
 []

Preview: Tightpage 0 -46616 0 0
[12 <./figures/lin2.png>]
<./figures/lin4.png, id=106, 2006.49625pt x 1293.83376pt>
File: ./figures/lin4.png Graphic file (type png)
<use ./figures/lin4.png>
Package pdftex.def Info: ./figures/lin4.png  used on input line 255.
(pdftex.def)             Requested size: 360.0pt x 232.12982pt.

Overfull \hbox (9.88567pt too wide) in paragraph at lines 260--262
[][] 
 []

Preview: Tightpage 0 -46616 0 0
[13 <./figures/lin4.png>] (./figures.aux) ) 
Here is how much of TeX's memory you used:
 3230 strings out of 492649
 42874 string characters out of 6129622
 119782 words of memory out of 5000000
 7008 multiletter control sequences out of 15000+600000
 11552 words of font info for 44 fonts, out of 8000000 for 9000
 1141 hyphenation exceptions out of 8191
 42i,7n,35p,322b,235s stack positions out of 5000i,500n,10000p,200000b,80000s
</usr/local/texlive/2018/texmf-dist/
fonts/type1/public/amsfonts/cm/cmmi10.pfb></usr/local/texlive/2018/texmf-dist/f
onts/type1/public/amsfonts/cm/cmmi8.pfb></usr/local/texlive/2018/texmf-dist/fon
ts/type1/public/amsfonts/cm/cmr10.pfb></usr/local/texlive/2018/texmf-dist/fonts
/type1/public/amsfonts/cm/cmr8.pfb></usr/local/texlive/2018/texmf-dist/fonts/ty
pe1/public/amsfonts/cm/cmsy8.pfb>
Output written on figures.pdf (13 pages, 700432 bytes).
PDF statistics:
 130 PDF objects out of 1000 (max. 8388607)
 55 compressed objects within 1 object stream
 0 named destinations out of 1000 (max. 500000)
 66 words of extra memory for PDF output out of 10000 (max. 10000000)

