This is pdfTeX, Version 3.14159265-2.6-1.40.19 (TeX Live 2018) (preloaded format=pdflatex 2018.7.19)  28 MAY 2020 12:05
entering extended mode
 restricted \write18 enabled.
 file:line:error style messages enabled.
 %&-line parsing enabled.
**MKMO.tex
(./MKMO.tex
LaTeX2e <2018-04-01> patch level 2
Babel <3.18> and hyphenation patterns for 84 language(s) loaded.
(./ws-ijbc.cls
Document Class: ws-ijbc 1994/07/13 v1.2u Standard LaTeX document class
\draftrule=\dimen102
\minute=\count80
\hour=\count81
\trimheight=\dimen103
\trimwidth=\dimen104
\typeheight=\dimen105
\typewidth=\dimen106
\tempdimen=\dimen107
\tablewidth=\dimen108
\normaltextheight=\dimen109
\realtextheight=\dimen110
\tempbox=\box26
\tablewd=\dimen111
\clcount=\count82
\@tempcntc=\count83
\topsepm@th=\skip41
\c@section=\count84
\c@subsection=\count85
\c@subsubsection=\count86
\c@paragraph=\count87
\c@subparagraph=\count88
\abovecaptionskip=\skip42
\belowcaptionskip=\skip43

Warning: psfig.sty could not be found.


epsfsafe.tex inputed...ok
(./epsfsafe.tex
\epsffilein=\read1
\epsfxsize=\dimen112
\epsfysize=\dimen113
\epsftsize=\dimen114
\epsfrsize=\dimen115
\epsftmp=\dimen116
\pspoints=\dimen117
)

epsfig.sty inputed...ok
(/usr/local/texlive/2018/texmf-dist/tex/latex/graphics/epsfig.sty

LaTeX Warning: You have requested document class `ws-ijbc',
               but the document class provides `epsfig'.

Document Class: epsfig 2017/06/25 v1.7b (e)psfig emulation (SPQR)
(/usr/local/texlive/2018/texmf-dist/tex/latex/graphics/graphicx.sty
Package: graphicx 2017/06/01 v1.1a Enhanced LaTeX Graphics (DPC,SPQR)

(/usr/local/texlive/2018/texmf-dist/tex/latex/graphics/keyval.sty
Package: keyval 2014/10/28 v1.15 key=value parser (DPC)
\KV@toks@=\toks14
)
(/usr/local/texlive/2018/texmf-dist/tex/latex/graphics/graphics.sty
Package: graphics 2017/06/25 v1.2c Standard LaTeX Graphics (DPC,SPQR)

(/usr/local/texlive/2018/texmf-dist/tex/latex/graphics/trig.sty
Package: trig 2016/01/03 v1.10 sin cos tan (DPC)
)
(/usr/local/texlive/2018/texmf-dist/tex/latex/graphics-cfg/graphics.cfg
File: graphics.cfg 2016/06/04 v1.11 sample graphics configuration
)
Package graphics Info: Driver file: pdftex.def on input line 99.

(/usr/local/texlive/2018/texmf-dist/tex/latex/graphics-def/pdftex.def
File: pdftex.def 2018/01/08 v1.0l Graphics/color driver for pdftex
))
\Gin@req@height=\dimen118
\Gin@req@width=\dimen119
)
\epsfxsize=\dimen120
\epsfysize=\dimen121
)

epsf.sty inputed...ok
(/usr/local/texlive/2018/texmf-dist/tex/generic/epsf/epsf.sty
This is `epsf.tex' v2.7.4 <14 February 2011>
\epsffilein=\read2
\epsfframemargin=\dimen122
\epsfframethickness=\dimen123
\epsfrsize=\dimen124
\epsftmp=\dimen125
\epsftsize=\dimen126
\epsfxsize=\dimen127
\epsfysize=\dimen128
\pspoints=\dimen129
)
\captionbox=\box27
\c@figure=\count89
\c@table=\count90
\c@lemma=\count91
\c@corollary=\count92
\c@proposition=\count93
\c@definition=\count94
\c@example=\count95
\c@remark=\count96
\c@question=\count97
\c@notation=\count98
\c@theorem=\count99
\c@corollary=\count100
\c@lemma=\count101
\c@proposition=\count102
\c@definition=\count103
\c@example=\count104
\c@remark=\count105
\c@notation=\count106
\c@question=\count107
\bibindent=\dimen130
\c@appendixc=\count108
\c@subappendixc=\count109
\c@subsubappendixc=\count110
 (/usr/local/texlive/2018/texmf-dist/tex/latex/amsfonts/amsfonts.sty
Package: amsfonts 2013/01/14 v3.01 Basic AMSFonts support
\@emptytoks=\toks15
\symAMSa=\mathgroup4
\symAMSb=\mathgroup5
LaTeX Font Info:    Overwriting math alphabet `\mathfrak' in version `bold'
(Font)                  U/euf/m/n --> U/euf/b/n on input line 106.
)
(/usr/local/texlive/2018/texmf-dist/tex/latex/amsfonts/amssymb.sty
Package: amssymb 2013/01/14 v3.01 AMS font symbols
)
(/usr/local/texlive/2018/texmf-dist/tex/latex/amsmath/amsmath.sty
Package: amsmath 2017/09/02 v2.17a AMS math features
\@mathmargin=\skip44

For additional information on amsmath, use the `?' option.
(/usr/local/texlive/2018/texmf-dist/tex/latex/amsmath/amstext.sty
Package: amstext 2000/06/29 v2.01 AMS text

(/usr/local/texlive/2018/texmf-dist/tex/latex/amsmath/amsgen.sty
File: amsgen.sty 1999/11/30 v2.0 generic functions
\@emptytoks=\toks16
\ex@=\dimen131
))
(/usr/local/texlive/2018/texmf-dist/tex/latex/amsmath/amsbsy.sty
Package: amsbsy 1999/11/29 v1.2d Bold Symbols
\pmbraise@=\dimen132
)
(/usr/local/texlive/2018/texmf-dist/tex/latex/amsmath/amsopn.sty
Package: amsopn 2016/03/08 v2.02 operator names
)
\inf@bad=\count111
LaTeX Info: Redefining \frac on input line 213.
\uproot@=\count112
\leftroot@=\count113
LaTeX Info: Redefining \overline on input line 375.
\classnum@=\count114
\DOTSCASE@=\count115
LaTeX Info: Redefining \ldots on input line 472.
LaTeX Info: Redefining \dots on input line 475.
LaTeX Info: Redefining \cdots on input line 596.
\Mathstrutbox@=\box28
\strutbox@=\box29
\big@size=\dimen133
LaTeX Font Info:    Redeclaring font encoding OML on input line 712.
LaTeX Font Info:    Redeclaring font encoding OMS on input line 713.
\macc@depth=\count116
\c@MaxMatrixCols=\count117
\dotsspace@=\muskip10
\c@parentequation=\count118
\dspbrk@lvl=\count119
\tag@help=\toks17
\row@=\count120
\column@=\count121
\maxfields@=\count122
\andhelp@=\toks18
\eqnshift@=\dimen134
\alignsep@=\dimen135
\tagshift@=\dimen136
\tagwidth@=\dimen137
\totwidth@=\dimen138
\lineht@=\dimen139
\@envbody=\toks19
\multlinegap=\skip45
\multlinetaggap=\skip46
\mathdisplay@stack=\toks20
LaTeX Info: Redefining \[ on input line 2817.
LaTeX Info: Redefining \] on input line 2818.
)
(/usr/local/texlive/2018/texmf-dist/tex/latex/tools/dcolumn.sty
Package: dcolumn 2014/10/28 v1.06 decimal alignment package (DPC)

(/usr/local/texlive/2018/texmf-dist/tex/latex/tools/array.sty
Package: array 2018/04/07 v2.4g Tabular extension package (FMi)
\col@sep=\dimen140
\ar@mcellbox=\box30
\extrarowheight=\dimen141
\NC@list=\toks21
\extratabsurround=\skip47
\backup@length=\skip48
\ar@cellbox=\box31
))
(/usr/local/texlive/2018/texmf-dist/tex/latex/graphics/lscape.sty
Package: lscape 2000/10/22 v3.01 Landscape Pages (DPC)
)
(/usr/local/texlive/2018/texmf-dist/tex/latex/natbib/natbib.sty
Package: natbib 2010/09/13 8.31b (PWD, AO)
\bibhang=\skip49
\bibsep=\skip50
LaTeX Info: Redefining \cite on input line 694.
LaTeX Info: Redefining \citeauthor on input line 712.
LaTeX Info: Redefining \citeyear on input line 735.
\c@NAT@ctr=\count123
)
(/usr/local/texlive/2018/texmf-dist/tex/latex/url/url.sty
\Urlmuskip=\muskip11
Package: url 2013/09/16  ver 3.4  Verb mode for urls, etc.
))
(/usr/local/texlive/2018/texmf-dist/tex/latex/graphics/epsfig.sty
Package: epsfig 2017/06/25 v1.7b (e)psfig emulation (SPQR)
\epsfxsize=\dimen142
\epsfysize=\dimen143
)
(/usr/local/texlive/2018/texmf-dist/tex/latex/oberdiek/epstopdf.sty
Package: epstopdf 2016/05/15 v2.6 Conversion with epstopdf on the fly (HO)

(/usr/local/texlive/2018/texmf-dist/tex/latex/oberdiek/epstopdf-base.sty
Package: epstopdf-base 2016/05/15 v2.6 Base part for package epstopdf

(/usr/local/texlive/2018/texmf-dist/tex/generic/oberdiek/infwarerr.sty
Package: infwarerr 2016/05/16 v1.4 Providing info/warning/error messages (HO)
)
(/usr/local/texlive/2018/texmf-dist/tex/latex/oberdiek/grfext.sty
Package: grfext 2016/05/16 v1.2 Manage graphics extensions (HO)

(/usr/local/texlive/2018/texmf-dist/tex/generic/oberdiek/kvdefinekeys.sty
Package: kvdefinekeys 2016/05/16 v1.4 Define keys (HO)

(/usr/local/texlive/2018/texmf-dist/tex/generic/oberdiek/ltxcmds.sty
Package: ltxcmds 2016/05/16 v1.23 LaTeX kernel commands for general use (HO)
)))
(/usr/local/texlive/2018/texmf-dist/tex/latex/oberdiek/kvoptions.sty
Package: kvoptions 2016/05/16 v3.12 Key value format for package options (HO)

(/usr/local/texlive/2018/texmf-dist/tex/generic/oberdiek/kvsetkeys.sty
Package: kvsetkeys 2016/05/16 v1.17 Key value parser (HO)

(/usr/local/texlive/2018/texmf-dist/tex/generic/oberdiek/etexcmds.sty
Package: etexcmds 2016/05/16 v1.6 Avoid name clashes with e-TeX commands (HO)

(/usr/local/texlive/2018/texmf-dist/tex/generic/oberdiek/ifluatex.sty
Package: ifluatex 2016/05/16 v1.4 Provides the ifluatex switch (HO)
Package ifluatex Info: LuaTeX not detected.
)
Package etexcmds Info: Could not find \expanded.
(etexcmds)             That can mean that you are not using pdfTeX 1.50 or
(etexcmds)             that some package has redefined \expanded.
(etexcmds)             In the latter case, load this package earlier.
)))
(/usr/local/texlive/2018/texmf-dist/tex/generic/oberdiek/pdftexcmds.sty
Package: pdftexcmds 2018/01/30 v0.27 Utility functions of pdfTeX for LuaTeX (HO
)

(/usr/local/texlive/2018/texmf-dist/tex/generic/oberdiek/ifpdf.sty
Package: ifpdf 2017/03/15 v3.2 Provides the ifpdf switch
)
Package pdftexcmds Info: LuaTeX not detected.
Package pdftexcmds Info: \pdf@primitive is available.
Package pdftexcmds Info: \pdf@ifprimitive is available.
Package pdftexcmds Info: \pdfdraftmode found.
)
Package epstopdf-base Info: Redefining graphics rule for `.eps' on input line 4
38.
Package grfext Info: Graphics extension search list:
(grfext)             [.pdf,.png,.jpg,.mps,.jpeg,.jbig2,.jb2,.PDF,.PNG,.JPG,.JPE
G,.JBIG2,.JB2,.eps]
(grfext)             \AppendGraphicsExtensions on input line 456.

(/usr/local/texlive/2018/texmf-dist/tex/latex/latexconfig/epstopdf-sys.cfg
File: epstopdf-sys.cfg 2010/07/13 v1.3 Configuration of (r)epstopdf for TeX Liv
e
)))
(/usr/local/texlive/2018/texmf-dist/tex/latex/jknapltx/mathrsfs.sty
Package: mathrsfs 1996/01/01 Math RSFS package v1.0 (jk)
\symrsfs=\mathgroup6
)
(/usr/local/texlive/2018/texmf-dist/tex/latex/xcolor/xcolor.sty
Package: xcolor 2016/05/11 v2.12 LaTeX color extensions (UK)

(/usr/local/texlive/2018/texmf-dist/tex/latex/graphics-cfg/color.cfg
File: color.cfg 2016/01/02 v1.6 sample color configuration
)
Package xcolor Info: Driver file: pdftex.def on input line 225.
Package xcolor Info: Model `cmy' substituted by `cmy0' on input line 1348.
Package xcolor Info: Model `hsb' substituted by `rgb' on input line 1352.
Package xcolor Info: Model `RGB' extended on input line 1364.
Package xcolor Info: Model `HTML' substituted by `rgb' on input line 1366.
Package xcolor Info: Model `Hsb' substituted by `hsb' on input line 1367.
Package xcolor Info: Model `tHsb' substituted by `hsb' on input line 1368.
Package xcolor Info: Model `HSB' substituted by `hsb' on input line 1369.
Package xcolor Info: Model `Gray' substituted by `gray' on input line 1370.
Package xcolor Info: Model `wave' substituted by `hsb' on input line 1371.
)
(/usr/local/texlive/2018/texmf-dist/tex/latex/fp/fp.sty
Package: fp 1995/04/02

`Fixed Point Package', Version 0.8, April 2, 1995 (C) Michael Mehlich
(/usr/local/texlive/2018/texmf-dist/tex/latex/fp/defpattern.sty
Package: defpattern 1994/10/12
\actioncount=\count124
)
(/usr/local/texlive/2018/texmf-dist/tex/latex/fp/fp-basic.sty
Package: fp-basic 1996/05/13
\FP@xs=\count125
\FP@xia=\count126
\FP@xib=\count127
\FP@xfa=\count128
\FP@xfb=\count129
\FP@rega=\count130
\FP@regb=\count131
\FP@regs=\count132
\FP@times=\count133
)
(/usr/local/texlive/2018/texmf-dist/tex/latex/fp/fp-addons.sty
Package: fp-addons 1995/03/15
)
(/usr/local/texlive/2018/texmf-dist/tex/latex/fp/fp-snap.sty
Package: fp-snap 1995/04/05
)
(/usr/local/texlive/2018/texmf-dist/tex/latex/fp/fp-exp.sty
Package: fp-exp 1995/04/03
)
(/usr/local/texlive/2018/texmf-dist/tex/latex/fp/fp-trigo.sty
Package: fp-trigo 1995/04/14
)
(/usr/local/texlive/2018/texmf-dist/tex/latex/fp/fp-pas.sty
Package: fp-pas 1994/08/29
)
(/usr/local/texlive/2018/texmf-dist/tex/latex/fp/fp-random.sty
Package: fp-random 1995/02/23
\FPseed=\count134
)
(/usr/local/texlive/2018/texmf-dist/tex/latex/fp/fp-eqn.sty
Package: fp-eqn 1995/04/03
)
(/usr/local/texlive/2018/texmf-dist/tex/latex/fp/fp-upn.sty
Package: fp-upn 1996/10/21
)
(/usr/local/texlive/2018/texmf-dist/tex/latex/fp/fp-eval.sty
Package: fp-eval 1995/04/03
))
(/usr/local/texlive/2018/texmf-dist/tex/latex/base/fontenc.sty
Package: fontenc 2017/04/05 v2.0i Standard LaTeX package

(/usr/local/texlive/2018/texmf-dist/tex/latex/base/t1enc.def
File: t1enc.def 2017/04/05 v2.0i Standard LaTeX file
LaTeX Font Info:    Redeclaring font encoding T1 on input line 48.
))
(/usr/local/texlive/2018/texmf-dist/tex/latex/tools/bm.sty
Package: bm 2017/01/16 v1.2c Bold Symbol Support (DPC/FMi)
\symboldoperators=\mathgroup7
\symboldletters=\mathgroup8
\symboldsymbols=\mathgroup9
LaTeX Font Info:    Redeclaring math alphabet \mathbf on input line 141.
LaTeX Info: Redefining \bm on input line 207.
)
(/usr/local/texlive/2018/texmf-dist/tex/latex/preview/preview.sty
Package: preview 2017/04/24 11.91 (AUCTeX/preview-latex)

(/usr/local/texlive/2018/texmf-dist/tex/generic/luatex85/luatex85.sty
Package: luatex85 2016/06/15 v1.4 pdftex aliases for luatex
)
(/usr/local/texlive/2018/texmf-dist/tex/latex/preview/prtightpage.def
\PreviewBorder=\dimen144
)
\pr@snippet=\count135
\pr@box=\box32
\pr@output=\toks22
)
(./MKMO.aux)
\openout1 = `MKMO.aux'.

LaTeX Font Info:    Checking defaults for OML/cmm/m/it on input line 63.
LaTeX Font Info:    ... okay on input line 63.
LaTeX Font Info:    Checking defaults for T1/cmr/m/n on input line 63.
LaTeX Font Info:    ... okay on input line 63.
LaTeX Font Info:    Checking defaults for OT1/cmr/m/n on input line 63.
LaTeX Font Info:    ... okay on input line 63.
LaTeX Font Info:    Checking defaults for OMS/cmsy/m/n on input line 63.
LaTeX Font Info:    ... okay on input line 63.
LaTeX Font Info:    Checking defaults for OMX/cmex/m/n on input line 63.
LaTeX Font Info:    ... okay on input line 63.
LaTeX Font Info:    Checking defaults for U/cmr/m/n on input line 63.
LaTeX Font Info:    ... okay on input line 63.

(/usr/local/texlive/2018/texmf-dist/tex/context/base/mkii/supp-pdf.mkii
[Loading MPS to PDF converter (version 2006.09.02).]
\scratchcounter=\count136
\scratchdimen=\dimen145
\scratchbox=\box33
\nofMPsegments=\count137
\nofMParguments=\count138
\everyMPshowfont=\toks23
\MPscratchCnt=\count139
\MPscratchDim=\dimen146
\MPnumerator=\count140
\makeMPintoPDFobject=\count141
\everyMPtoPDFconversion=\toks24
)
Preview: Fontsize 10.95pt
Preview: PDFoutput 1
Package epstopdf Info: Source file: <./figures_raw/paper_critical.eps>
(epstopdf)                    date: 2019-07-02 17:50:22
(epstopdf)                    size: 112696 bytes
(epstopdf)             Output file: <./figures_raw/paper_critical-eps-converted
-to.pdf>
(epstopdf)                    date: 2019-07-04 10:34:00
(epstopdf)                    size: 23743 bytes
(epstopdf)             Command: <repstopdf --outfile=./figures_raw/paper_critic
al-eps-converted-to.pdf ./figures_raw/paper_critical.eps>
(epstopdf)             \includegraphics on input line 86.
Package epstopdf Info: Output file is already uptodate.
<./figures_raw/paper_critical-eps-converted-to.pdf, id=1, 672.5125pt x 337.26pt
>
File: ./figures_raw/paper_critical-eps-converted-to.pdf Graphic file (type pdf)

<use ./figures_raw/paper_critical-eps-converted-to.pdf>
Package pdftex.def Info: ./figures_raw/paper_critical-eps-converted-to.pdf  use
d on input line 86.
(pdftex.def)             Requested size: 227.62204pt x 114.15225pt.
LaTeX Font Info:    Try loading font information for U+msa on input line 87.
(/usr/local/texlive/2018/texmf-dist/tex/latex/amsfonts/umsa.fd
File: umsa.fd 2013/01/14 v3.01 AMS symbols A
)
LaTeX Font Info:    Try loading font information for U+msb on input line 87.

(/usr/local/texlive/2018/texmf-dist/tex/latex/amsfonts/umsb.fd
File: umsb.fd 2013/01/14 v3.01 AMS symbols B
)
LaTeX Font Info:    Try loading font information for U+rsfs on input line 87.

(/usr/local/texlive/2018/texmf-dist/tex/latex/jknapltx/ursfs.fd
File: ursfs.fd 1998/03/24 rsfs font definition file (jk)
)
Preview: Tightpage 0 -46616 0 0
[1{/usr/local/texlive/2018/texmf-var/fonts/map/pdftex/updmap/pdftex.map} <./fig
ures_raw/paper_critical-eps-converted-to.pdf>]
Package epstopdf Info: Source file: <./figures_raw/paper_slow.eps>
(epstopdf)                    date: 2019-06-13 11:12:11
(epstopdf)                    size: 897526 bytes
(epstopdf)             Output file: <./figures_raw/paper_slow-eps-converted-to.
pdf>
(epstopdf)                    date: 2019-07-04 10:34:01
(epstopdf)                    size: 44403 bytes
(epstopdf)             Command: <repstopdf --outfile=./figures_raw/paper_slow-e
ps-converted-to.pdf ./figures_raw/paper_slow.eps>
(epstopdf)             \includegraphics on input line 114.
Package epstopdf Info: Output file is already uptodate.
<./figures_raw/paper_slow-eps-converted-to.pdf, id=14, 626.34pt x 342.27875pt>
File: ./figures_raw/paper_slow-eps-converted-to.pdf Graphic file (type pdf)
<use ./figures_raw/paper_slow-eps-converted-to.pdf>
Package pdftex.def Info: ./figures_raw/paper_slow-eps-converted-to.pdf  used on
 input line 114.
(pdftex.def)             Requested size: 312.9803pt x 171.0397pt.

Preview: Tightpage 0 -46616 0 0
[2 <./figures_raw/paper_slow-eps-converted-to.pdf>]
Package epstopdf Info: Source file: <./figures_raw/step1.eps>
(epstopdf)                    date: 2019-09-20 11:49:48
(epstopdf)                    size: 3926994 bytes
(epstopdf)             Output file: <./figures_raw/step1-eps-converted-to.pdf>
(epstopdf)                    date: 2019-09-20 11:56:44
(epstopdf)                    size: 43542 bytes
(epstopdf)             Command: <repstopdf --outfile=./figures_raw/step1-eps-co
nverted-to.pdf ./figures_raw/step1.eps>
(epstopdf)             \includegraphics on input line 167.
Package epstopdf Info: Output file is already uptodate.
<./figures_raw/step1-eps-converted-to.pdf, id=25, 1734.48pt x 867.24pt>
File: ./figures_raw/step1-eps-converted-to.pdf Graphic file (type pdf)
<use ./figures_raw/step1-eps-converted-to.pdf>
Package pdftex.def Info: ./figures_raw/step1-eps-converted-to.pdf  used on inpu
t line 167.
(pdftex.def)             Requested size: 227.62204pt x 113.80379pt.
Package epstopdf Info: Source file: <./figures_raw/step2.eps>
(epstopdf)                    date: 2019-09-20 12:04:35
(epstopdf)                    size: 3917162 bytes
(epstopdf)             Output file: <./figures_raw/step2-eps-converted-to.pdf>
(epstopdf)                    date: 2019-09-20 12:04:52
(epstopdf)                    size: 43855 bytes
(epstopdf)             Command: <repstopdf --outfile=./figures_raw/step2-eps-co
nverted-to.pdf ./figures_raw/step2.eps>
(epstopdf)             \includegraphics on input line 194.
Package epstopdf Info: Output file is already uptodate.
<./figures_raw/step2-eps-converted-to.pdf, id=26, 1736.4875pt x 865.2325pt>
File: ./figures_raw/step2-eps-converted-to.pdf Graphic file (type pdf)
<use ./figures_raw/step2-eps-converted-to.pdf>
Package pdftex.def Info: ./figures_raw/step2-eps-converted-to.pdf  used on inpu
t line 194.
(pdftex.def)             Requested size: 227.62204pt x 113.40834pt.
Package epstopdf Info: Source file: <./figures_raw/step3.eps>
(epstopdf)                    date: 2019-09-20 11:51:18
(epstopdf)                    size: 3924870 bytes
(epstopdf)             Output file: <./figures_raw/step3-eps-converted-to.pdf>
(epstopdf)                    date: 2019-09-20 11:56:45
(epstopdf)                    size: 44297 bytes
(epstopdf)             Command: <repstopdf --outfile=./figures_raw/step3-eps-co
nverted-to.pdf ./figures_raw/step3.eps>
(epstopdf)             \includegraphics on input line 220.
Package epstopdf Info: Output file is already uptodate.
<./figures_raw/step3-eps-converted-to.pdf, id=27, 1734.48pt x 867.24pt>
File: ./figures_raw/step3-eps-converted-to.pdf Graphic file (type pdf)
<use ./figures_raw/step3-eps-converted-to.pdf>
Package pdftex.def Info: ./figures_raw/step3-eps-converted-to.pdf  used on inpu
t line 220.
(pdftex.def)             Requested size: 227.62204pt x 113.80379pt.
Package epstopdf Info: Source file: <./figures_raw/step4.eps>
(epstopdf)                    date: 2019-09-20 11:53:04
(epstopdf)                    size: 3921486 bytes
(epstopdf)             Output file: <./figures_raw/step4-eps-converted-to.pdf>
(epstopdf)                    date: 2019-09-20 11:56:46
(epstopdf)                    size: 44152 bytes
(epstopdf)             Command: <repstopdf --outfile=./figures_raw/step4-eps-co
nverted-to.pdf ./figures_raw/step4.eps>
(epstopdf)             \includegraphics on input line 245.
Package epstopdf Info: Output file is already uptodate.
<./figures_raw/step4-eps-converted-to.pdf, id=28, 1734.48pt x 867.24pt>
File: ./figures_raw/step4-eps-converted-to.pdf Graphic file (type pdf)
<use ./figures_raw/step4-eps-converted-to.pdf>
Package pdftex.def Info: ./figures_raw/step4-eps-converted-to.pdf  used on inpu
t line 245.
(pdftex.def)             Requested size: 227.62204pt x 113.80379pt.

Preview: Tightpage 0 -46616 0 0
[3 <./figures_raw/step1-eps-converted-to.pdf> <./figures_raw/step2-eps-converte
d-to.pdf> <./figures_raw/step3-eps-converted-to.pdf> <./figures_raw/step4-eps-c
onverted-to.pdf>]
<./figures_raw/one_piece_paper_BAX.png, id=54, 853.7496pt x 643.4439pt>
File: ./figures_raw/one_piece_paper_BAX.png Graphic file (type png)
<use ./figures_raw/one_piece_paper_BAX.png>
Package pdftex.def Info: ./figures_raw/one_piece_paper_BAX.png  used on input l
ine 269.
(pdftex.def)             Requested size: 358.5049pt x 270.1955pt.
<./figures_raw/one_piece_paper_BAY.png, id=56, 854.9541pt x 562.5015pt>
File: ./figures_raw/one_piece_paper_BAY.png Graphic file (type png)
<use ./figures_raw/one_piece_paper_BAY.png>
Package pdftex.def Info: ./figures_raw/one_piece_paper_BAY.png  used on input l
ine 283.
(pdftex.def)             Requested size: 358.5049pt x 235.87135pt.

Preview: Tightpage 0 -46616 0 0
[4 <./figures_raw/one_piece_paper_BAX.png> <./figures_raw/one_piece_paper_BAY.p
ng>]
Package epstopdf Info: Source file: <./figures_raw/two_pieces_paper_BAX.eps>
(epstopdf)                    date: 2019-06-25 15:53:13
(epstopdf)                    size: 123404059 bytes
(epstopdf)             Output file: <./figures_raw/two_pieces_paper_BAX-eps-con
verted-to.pdf>
(epstopdf)                    date: 2019-07-04 10:34:06
(epstopdf)                    size: 463806 bytes
(epstopdf)             Command: <repstopdf --outfile=./figures_raw/two_pieces_p
aper_BAX-eps-converted-to.pdf ./figures_raw/two_pieces_paper_BAX.eps>
(epstopdf)             \includegraphics on input line 314.
Package epstopdf Info: Output file is already uptodate.
<./figures_raw/two_pieces_paper_BAX-eps-converted-to.pdf, id=63, 853.1875pt x 5
97.23125pt>
File: ./figures_raw/two_pieces_paper_BAX-eps-converted-to.pdf Graphic file (typ
e pdf)
<use ./figures_raw/two_pieces_paper_BAX-eps-converted-to.pdf>
Package pdftex.def Info: ./figures_raw/two_pieces_paper_BAX-eps-converted-to.pd
f  used on input line 314.
(pdftex.def)             Requested size: 358.5049pt x 250.95387pt.
Package epstopdf Info: Source file: <./figures_raw/two_pieces_paper_BAY.eps>
(epstopdf)                    date: 2019-06-25 15:52:44
(epstopdf)                    size: 96478152 bytes
(epstopdf)             Output file: <./figures_raw/two_pieces_paper_BAY-eps-con
verted-to.pdf>
(epstopdf)                    date: 2019-07-04 10:34:08
(epstopdf)                    size: 375035 bytes
(epstopdf)             Command: <repstopdf --outfile=./figures_raw/two_pieces_p
aper_BAY-eps-converted-to.pdf ./figures_raw/two_pieces_paper_BAY.eps>
(epstopdf)             \includegraphics on input line 332.
Package epstopdf Info: Output file is already uptodate.
<./figures_raw/two_pieces_paper_BAY-eps-converted-to.pdf, id=64, 846.16125pt x 
471.7625pt>
File: ./figures_raw/two_pieces_paper_BAY-eps-converted-to.pdf Graphic file (typ
e pdf)
<use ./figures_raw/two_pieces_paper_BAY-eps-converted-to.pdf>
Package pdftex.def Info: ./figures_raw/two_pieces_paper_BAY-eps-converted-to.pd
f  used on input line 332.
(pdftex.def)             Requested size: 358.5049pt x 199.87373pt.

Preview: Tightpage 0 -46616 0 0
[5 <./figures_raw/two_pieces_paper_BAX-eps-converted-to.pdf> <./figures_raw/two
_pieces_paper_BAY-eps-converted-to.pdf>]
Package epstopdf Info: Source file: <./figures_raw/five_pieces_paper_BAX.eps>
(epstopdf)                    date: 2019-06-25 15:54:20
(epstopdf)                    size: 124324182 bytes
(epstopdf)             Output file: <./figures_raw/five_pieces_paper_BAX-eps-co
nverted-to.pdf>
(epstopdf)                    date: 2019-07-04 10:34:10
(epstopdf)                    size: 1543266 bytes
(epstopdf)             Command: <repstopdf --outfile=./figures_raw/five_pieces_
paper_BAX-eps-converted-to.pdf ./figures_raw/five_pieces_paper_BAX.eps>
(epstopdf)             \includegraphics on input line 363.
Package epstopdf Info: Output file is already uptodate.
<./figures_raw/five_pieces_paper_BAX-eps-converted-to.pdf, id=76, 853.1875pt x 
600.2425pt>
File: ./figures_raw/five_pieces_paper_BAX-eps-converted-to.pdf Graphic file (ty
pe pdf)
<use ./figures_raw/five_pieces_paper_BAX-eps-converted-to.pdf>
Package pdftex.def Info: ./figures_raw/five_pieces_paper_BAX-eps-converted-to.p
df  used on input line 363.
(pdftex.def)             Requested size: 358.5049pt x 252.2192pt.
Package epstopdf Info: Source file: <./figures_raw/five_pieces_paper_BAY.eps>
(epstopdf)                    date: 2019-06-25 15:53:46
(epstopdf)                    size: 133588617 bytes
(epstopdf)             Output file: <./figures_raw/five_pieces_paper_BAY-eps-co
nverted-to.pdf>
(epstopdf)                    date: 2019-07-04 10:34:13
(epstopdf)                    size: 1375011 bytes
(epstopdf)             Command: <repstopdf --outfile=./figures_raw/five_pieces_
paper_BAY-eps-converted-to.pdf ./figures_raw/five_pieces_paper_BAY.eps>
(epstopdf)             \includegraphics on input line 382.
Package epstopdf Info: Output file is already uptodate.
<./figures_raw/five_pieces_paper_BAY-eps-converted-to.pdf, id=77, 853.1875pt x 
644.4075pt>
File: ./figures_raw/five_pieces_paper_BAY-eps-converted-to.pdf Graphic file (ty
pe pdf)
<use ./figures_raw/five_pieces_paper_BAY-eps-converted-to.pdf>
Package pdftex.def Info: ./figures_raw/five_pieces_paper_BAY-eps-converted-to.p
df  used on input line 382.
(pdftex.def)             Requested size: 358.5049pt x 270.77713pt.

Preview: Tightpage 0 -46616 0 0
[6 <./figures_raw/five_pieces_paper_BAX-eps-converted-to.pdf> <./figures_raw/fi
ve_pieces_paper_BAY-eps-converted-to.pdf>]
Package epstopdf Info: Source file: <./figures_raw/unstable_step1.eps>
(epstopdf)                    date: 2019-10-02 12:21:31
(epstopdf)                    size: 609006 bytes
(epstopdf)             Output file: <./figures_raw/unstable_step1-eps-converted
-to.pdf>
(epstopdf)                    date: 2019-10-02 12:21:45
(epstopdf)                    size: 21242 bytes
(epstopdf)             Command: <repstopdf --outfile=./figures_raw/unstable_ste
p1-eps-converted-to.pdf ./figures_raw/unstable_step1.eps>
(epstopdf)             \includegraphics on input line 411.
Package epstopdf Info: Output file is already uptodate.
<./figures_raw/unstable_step1-eps-converted-to.pdf, id=89, 683.55376pt x 227.85
126pt>
File: ./figures_raw/unstable_step1-eps-converted-to.pdf Graphic file (type pdf)

<use ./figures_raw/unstable_step1-eps-converted-to.pdf>
Package pdftex.def Info: ./figures_raw/unstable_step1-eps-converted-to.pdf  use
d on input line 411.
(pdftex.def)             Requested size: 227.62204pt x 75.87257pt.
Package epstopdf Info: Source file: <./figures_raw/unstable_step2.eps>
(epstopdf)                    date: 2019-10-02 12:21:12
(epstopdf)                    size: 616346 bytes
(epstopdf)             Output file: <./figures_raw/unstable_step2-eps-converted
-to.pdf>
(epstopdf)                    date: 2019-10-02 12:21:45
(epstopdf)                    size: 23208 bytes
(epstopdf)             Command: <repstopdf --outfile=./figures_raw/unstable_ste
p2-eps-converted-to.pdf ./figures_raw/unstable_step2.eps>
(epstopdf)             \includegraphics on input line 432.
Package epstopdf Info: Output file is already uptodate.
<./figures_raw/unstable_step2-eps-converted-to.pdf, id=90, 683.55376pt x 227.85
126pt>
File: ./figures_raw/unstable_step2-eps-converted-to.pdf Graphic file (type pdf)

<use ./figures_raw/unstable_step2-eps-converted-to.pdf>
Package pdftex.def Info: ./figures_raw/unstable_step2-eps-converted-to.pdf  use
d on input line 432.
(pdftex.def)             Requested size: 227.62204pt x 75.87257pt.

Preview: Tightpage 0 -46616 0 0
[7 <./figures_raw/unstable_step1-eps-converted-to.pdf> <./figures_raw/unstable_
step2-eps-converted-to.pdf>]
Package epstopdf Info: Source file: <./figures_raw/unstable_piece_BAX.eps>
(epstopdf)                    date: 2019-09-26 17:44:24
(epstopdf)                    size: 81906465 bytes
(epstopdf)             Output file: <./figures_raw/unstable_piece_BAX-eps-conve
rted-to.pdf>
(epstopdf)                    date: 2019-09-26 17:45:38
(epstopdf)                    size: 446154 bytes
(epstopdf)             Command: <repstopdf --outfile=./figures_raw/unstable_pie
ce_BAX-eps-converted-to.pdf ./figures_raw/unstable_piece_BAX.eps>
(epstopdf)             \includegraphics on input line 457.
Package epstopdf Info: Output file is already uptodate.
<./figures_raw/unstable_piece_BAX-eps-converted-to.pdf, id=106, 854.19125pt x 4
25.59pt>
File: ./figures_raw/unstable_piece_BAX-eps-converted-to.pdf Graphic file (type 
pdf)
<use ./figures_raw/unstable_piece_BAX-eps-converted-to.pdf>
Package pdftex.def Info: ./figures_raw/unstable_piece_BAX-eps-converted-to.pdf 
 used on input line 457.
(pdftex.def)             Requested size: 358.5049pt x 178.61668pt.
Package epstopdf Info: Source file: <./figures_raw/unstable_piece_BAY.eps>
(epstopdf)                    date: 2019-09-26 17:45:05
(epstopdf)                    size: 95951614 bytes
(epstopdf)             Output file: <./figures_raw/unstable_piece_BAY-eps-conve
rted-to.pdf>
(epstopdf)                    date: 2019-09-26 17:45:39
(epstopdf)                    size: 403106 bytes
(epstopdf)             Command: <repstopdf --outfile=./figures_raw/unstable_pie
ce_BAY-eps-converted-to.pdf ./figures_raw/unstable_piece_BAY.eps>
(epstopdf)             \includegraphics on input line 472.
Package epstopdf Info: Output file is already uptodate.
<./figures_raw/unstable_piece_BAY-eps-converted-to.pdf, id=107, 854.19125pt x 4
83.8075pt>
File: ./figures_raw/unstable_piece_BAY-eps-converted-to.pdf Graphic file (type 
pdf)
<use ./figures_raw/unstable_piece_BAY-eps-converted-to.pdf>
Package pdftex.def Info: ./figures_raw/unstable_piece_BAY-eps-converted-to.pdf 
 used on input line 472.
(pdftex.def)             Requested size: 358.5049pt x 203.05011pt.

Preview: Tightpage 0 -46616 0 0
[8 <./figures_raw/unstable_piece_BAX-eps-converted-to.pdf> <./figures_raw/unsta
ble_piece_BAY-eps-converted-to.pdf>]
Package epstopdf Info: Source file: <./figures_raw/almost_hetclin_BAX.eps>
(epstopdf)                    date: 2019-10-03 17:12:57
(epstopdf)                    size: 107624752 bytes
(epstopdf)             Output file: <./figures_raw/almost_hetclin_BAX-eps-conve
rted-to.pdf>
(epstopdf)                    date: 2019-10-03 17:13:17
(epstopdf)                    size: 1440322 bytes
(epstopdf)             Command: <repstopdf --outfile=./figures_raw/almost_hetcl
in_BAX-eps-converted-to.pdf ./figures_raw/almost_hetclin_BAX.eps>
(epstopdf)             \includegraphics on input line 492.
Package epstopdf Info: Output file is already uptodate.
<./figures_raw/almost_hetclin_BAX-eps-converted-to.pdf, id=121, 854.19125pt x 5
38.01pt>
File: ./figures_raw/almost_hetclin_BAX-eps-converted-to.pdf Graphic file (type 
pdf)
<use ./figures_raw/almost_hetclin_BAX-eps-converted-to.pdf>
Package pdftex.def Info: ./figures_raw/almost_hetclin_BAX-eps-converted-to.pdf 
 used on input line 492.
(pdftex.def)             Requested size: 358.5049pt x 225.79846pt.
Package epstopdf Info: Source file: <./figures_raw/almost_hetclin_BAY.eps>
(epstopdf)                    date: 2019-10-03 17:12:27
(epstopdf)                    size: 111650514 bytes
(epstopdf)             Output file: <./figures_raw/almost_hetclin_BAY-eps-conve
rted-to.pdf>
(epstopdf)                    date: 2019-10-03 17:13:20
(epstopdf)                    size: 1001535 bytes
(epstopdf)             Command: <repstopdf --outfile=./figures_raw/almost_hetcl
in_BAY-eps-converted-to.pdf ./figures_raw/almost_hetclin_BAY.eps>
(epstopdf)             \includegraphics on input line 507.
Package epstopdf Info: Output file is already uptodate.
<./figures_raw/almost_hetclin_BAY-eps-converted-to.pdf, id=122, 854.19125pt x 5
62.1pt>
File: ./figures_raw/almost_hetclin_BAY-eps-converted-to.pdf Graphic file (type 
pdf)
<use ./figures_raw/almost_hetclin_BAY-eps-converted-to.pdf>
Package pdftex.def Info: ./figures_raw/almost_hetclin_BAY-eps-converted-to.pdf 
 used on input line 507.
(pdftex.def)             Requested size: 358.5049pt x 235.90884pt.

Preview: Tightpage 0 -46616 0 0
[9 <./figures_raw/almost_hetclin_BAX-eps-converted-to.pdf> <./figures_raw/almos
t_hetclin_BAY-eps-converted-to.pdf>]
Package epstopdf Info: Source file: <./figures_raw/Lin3.eps>
(epstopdf)                    date: 2019-10-07 17:05:58
(epstopdf)                    size: 3513862 bytes
(epstopdf)             Output file: <./figures_raw/Lin3-eps-converted-to.pdf>
(epstopdf)                    date: 2019-10-07 17:07:49
(epstopdf)                    size: 79433 bytes
(epstopdf)             Command: <repstopdf --outfile=./figures_raw/Lin3-eps-con
verted-to.pdf ./figures_raw/Lin3.eps>
(epstopdf)             \includegraphics on input line 541.
Package epstopdf Info: Output file is already uptodate.
<./figures_raw/Lin3-eps-converted-to.pdf, id=134, 1733.47626pt x 870.25125pt>
File: ./figures_raw/Lin3-eps-converted-to.pdf Graphic file (type pdf)
<use ./figures_raw/Lin3-eps-converted-to.pdf>
Package pdftex.def Info: ./figures_raw/Lin3-eps-converted-to.pdf  used on input
 line 541.
(pdftex.def)             Requested size: 227.62204pt x 114.26534pt.
Package epstopdf Info: Source file: <./figures_raw/Lin4.eps>
(epstopdf)                    date: 2019-10-07 17:35:07
(epstopdf)                    size: 3512886 bytes
(epstopdf)             Output file: <./figures_raw/Lin4-eps-converted-to.pdf>
(epstopdf)                    date: 2019-10-07 17:35:35
(epstopdf)                    size: 78878 bytes
(epstopdf)             Command: <repstopdf --outfile=./figures_raw/Lin4-eps-con
verted-to.pdf ./figures_raw/Lin4.eps>
(epstopdf)             \includegraphics on input line 563.
Package epstopdf Info: Output file is already uptodate.
<./figures_raw/Lin4-eps-converted-to.pdf, id=135, 1733.47626pt x 870.25125pt>
File: ./figures_raw/Lin4-eps-converted-to.pdf Graphic file (type pdf)
<use ./figures_raw/Lin4-eps-converted-to.pdf>
Package pdftex.def Info: ./figures_raw/Lin4-eps-converted-to.pdf  used on input
 line 563.
(pdftex.def)             Requested size: 227.62204pt x 114.26534pt.

Preview: Tightpage 0 -46616 0 0
[10 <./figures_raw/Lin3-eps-converted-to.pdf> <./figures_raw/Lin4-eps-converted
-to.pdf>]
Package epstopdf Info: Source file: <./figures_raw/hetclin_6_BAX.eps>
(epstopdf)                    date: 2019-07-03 15:19:25
(epstopdf)                    size: 112130026 bytes
(epstopdf)             Output file: <./figures_raw/hetclin_6_BAX-eps-converted-
to.pdf>
(epstopdf)                    date: 2019-07-04 10:34:21
(epstopdf)                    size: 1484358 bytes
(epstopdf)             Command: <repstopdf --outfile=./figures_raw/hetclin_6_BA
X-eps-converted-to.pdf ./figures_raw/hetclin_6_BAX.eps>
(epstopdf)             \includegraphics on input line 593.
Package epstopdf Info: Output file is already uptodate.
<./figures_raw/hetclin_6_BAX-eps-converted-to.pdf, id=147, 854.19125pt x 553.06
625pt>
File: ./figures_raw/hetclin_6_BAX-eps-converted-to.pdf Graphic file (type pdf)
<use ./figures_raw/hetclin_6_BAX-eps-converted-to.pdf>
Package pdftex.def Info: ./figures_raw/hetclin_6_BAX-eps-converted-to.pdf  used
 on input line 593.
(pdftex.def)             Requested size: 358.5049pt x 232.11745pt.
Package epstopdf Info: Source file: <./figures_raw/hetclin_6_BAY.eps>
(epstopdf)                    date: 2019-07-03 15:18:55
(epstopdf)                    size: 118323171 bytes
(epstopdf)             Output file: <./figures_raw/hetclin_6_BAY-eps-converted-
to.pdf>
(epstopdf)                    date: 2019-07-04 10:34:24
(epstopdf)                    size: 1153848 bytes
(epstopdf)             Command: <repstopdf --outfile=./figures_raw/hetclin_6_BA
Y-eps-converted-to.pdf ./figures_raw/hetclin_6_BAY.eps>
(epstopdf)             \includegraphics on input line 611.
Package epstopdf Info: Output file is already uptodate.
<./figures_raw/hetclin_6_BAY-eps-converted-to.pdf, id=148, 854.19125pt x 593.21
625pt>
File: ./figures_raw/hetclin_6_BAY-eps-converted-to.pdf Graphic file (type pdf)
<use ./figures_raw/hetclin_6_BAY-eps-converted-to.pdf>
Package pdftex.def Info: ./figures_raw/hetclin_6_BAY-eps-converted-to.pdf  used
 on input line 611.
(pdftex.def)             Requested size: 358.5049pt x 248.9681pt.

Preview: Tightpage 0 -46616 0 0
[11 <./figures_raw/hetclin_6_BAX-eps-converted-to.pdf> <./figures_raw/hetclin_6
_BAY-eps-converted-to.pdf>]
Package epstopdf Info: Source file: <./figures_raw/paper_saddle_unstable_BAX.ep
s>
(epstopdf)                    date: 2019-07-03 15:03:31
(epstopdf)                    size: 112524476 bytes
(epstopdf)             Output file: <./figures_raw/paper_saddle_unstable_BAX-ep
s-converted-to.pdf>
(epstopdf)                    date: 2019-07-04 10:34:27
(epstopdf)                    size: 1644849 bytes
(epstopdf)             Command: <repstopdf --outfile=./figures_raw/paper_saddle
_unstable_BAX-eps-converted-to.pdf ./figures_raw/paper_saddle_unstable_BAX.eps>

(epstopdf)             \includegraphics on input line 636.
Package epstopdf Info: Output file is already uptodate.
<./figures_raw/paper_saddle_unstable_BAX-eps-converted-to.pdf, id=160, 854.1912
5pt x 553.06625pt>
File: ./figures_raw/paper_saddle_unstable_BAX-eps-converted-to.pdf Graphic file
 (type pdf)
<use ./figures_raw/paper_saddle_unstable_BAX-eps-converted-to.pdf>
Package pdftex.def Info: ./figures_raw/paper_saddle_unstable_BAX-eps-converted-
to.pdf  used on input line 636.
(pdftex.def)             Requested size: 358.5049pt x 232.11745pt.
Package epstopdf Info: Source file: <./figures_raw/paper_saddle_unstable_BAY.ep
s>
(epstopdf)                    date: 2019-07-03 15:03:44
(epstopdf)                    size: 120657143 bytes
(epstopdf)             Output file: <./figures_raw/paper_saddle_unstable_BAY-ep
s-converted-to.pdf>
(epstopdf)                    date: 2019-07-04 10:34:30
(epstopdf)                    size: 1330449 bytes
(epstopdf)             Command: <repstopdf --outfile=./figures_raw/paper_saddle
_unstable_BAY-eps-converted-to.pdf ./figures_raw/paper_saddle_unstable_BAY.eps>

(epstopdf)             \includegraphics on input line 652.
Package epstopdf Info: Output file is already uptodate.
<./figures_raw/paper_saddle_unstable_BAY-eps-converted-to.pdf, id=161, 854.1912
5pt x 599.23875pt>
File: ./figures_raw/paper_saddle_unstable_BAY-eps-converted-to.pdf Graphic file
 (type pdf)
<use ./figures_raw/paper_saddle_unstable_BAY-eps-converted-to.pdf>
Package pdftex.def Info: ./figures_raw/paper_saddle_unstable_BAY-eps-converted-
to.pdf  used on input line 652.
(pdftex.def)             Requested size: 358.5049pt x 251.49568pt.

Preview: Tightpage 0 -46616 0 0
[12 <./figures_raw/paper_saddle_unstable_BAX-eps-converted-to.pdf> <./figures_r
aw/paper_saddle_unstable_BAY-eps-converted-to.pdf>]
Package epstopdf Info: Source file: <./figures_raw/paper_singular_BAX.eps>
(epstopdf)                    date: 2019-10-23 17:05:35
(epstopdf)                    size: 112629351 bytes
(epstopdf)             Output file: <./figures_raw/paper_singular_BAX-eps-conve
rted-to.pdf>
(epstopdf)                    date: 2019-10-23 17:07:07
(epstopdf)                    size: 1023519 bytes
(epstopdf)             Command: <repstopdf --outfile=./figures_raw/paper_singul
ar_BAX-eps-converted-to.pdf ./figures_raw/paper_singular_BAX.eps>
(epstopdf)             \includegraphics on input line 678.
Package epstopdf Info: Output file is already uptodate.
<./figures_raw/paper_singular_BAX-eps-converted-to.pdf, id=173, 854.19125pt x 5
57.08125pt>
File: ./figures_raw/paper_singular_BAX-eps-converted-to.pdf Graphic file (type 
pdf)
<use ./figures_raw/paper_singular_BAX-eps-converted-to.pdf>
Package pdftex.def Info: ./figures_raw/paper_singular_BAX-eps-converted-to.pdf 
 used on input line 678.
(pdftex.def)             Requested size: 358.5049pt x 233.80252pt.
Package epstopdf Info: Source file: <./figures_raw/paper_BAX.eps>
(epstopdf)                    date: 2019-07-03 15:57:11
(epstopdf)                    size: 112657804 bytes
(epstopdf)             Output file: <./figures_raw/paper_BAX-eps-converted-to.p
df>
(epstopdf)                    date: 2019-07-04 10:34:32
(epstopdf)                    size: 1553863 bytes
(epstopdf)             Command: <repstopdf --outfile=./figures_raw/paper_BAX-ep
s-converted-to.pdf ./figures_raw/paper_BAX.eps>
(epstopdf)             \includegraphics on input line 695.
Package epstopdf Info: Output file is already uptodate.
<./figures_raw/paper_BAX-eps-converted-to.pdf, id=174, 854.19125pt x 554.07pt>
File: ./figures_raw/paper_BAX-eps-converted-to.pdf Graphic file (type pdf)
<use ./figures_raw/paper_BAX-eps-converted-to.pdf>
Package pdftex.def Info: ./figures_raw/paper_BAX-eps-converted-to.pdf  used on 
input line 695.
(pdftex.def)             Requested size: 358.5049pt x 232.53873pt.

Preview: Tightpage 0 -46616 0 0
[13 <./figures_raw/paper_singular_BAX-eps-converted-to.pdf> <./figures_raw/pape
r_BAX-eps-converted-to.pdf>]
Package epstopdf Info: Source file: <./figures_raw/MMO_surface_interaction_BAX.
eps>
(epstopdf)                    date: 2020-03-06 13:34:35
(epstopdf)                    size: 2663722 bytes
(epstopdf)             Output file: <./figures_raw/MMO_surface_interaction_BAX-
eps-converted-to.pdf>
(epstopdf)                    date: 2020-03-06 13:35:23
(epstopdf)                    size: 301177 bytes
(epstopdf)             Command: <repstopdf --outfile=./figures_raw/MMO_surface_
interaction_BAX-eps-converted-to.pdf ./figures_raw/MMO_surface_interaction_BAX.
eps>
(epstopdf)             \includegraphics on input line 723.
Package epstopdf Info: Output file is already uptodate.
<./figures_raw/MMO_surface_interaction_BAX-eps-converted-to.pdf, id=187, 854.19
125pt x 711.65875pt>
File: ./figures_raw/MMO_surface_interaction_BAX-eps-converted-to.pdf Graphic fi
le (type pdf)
<use ./figures_raw/MMO_surface_interaction_BAX-eps-converted-to.pdf>
Package pdftex.def Info: ./figures_raw/MMO_surface_interaction_BAX-eps-converte
d-to.pdf  used on input line 723.
(pdftex.def)             Requested size: 430.20552pt x 358.41295pt.

Preview: Tightpage 0 -46616 0 0
[14 <./figures_raw/MMO_surface_interaction_BAX-eps-converted-to.pdf>]
Package epstopdf Info: Source file: <./figures_raw/paper_isola.eps>
(epstopdf)                    date: 2020-03-05 17:17:08
(epstopdf)                    size: 64665 bytes
(epstopdf)             Output file: <./figures_raw/paper_isola-eps-converted-to
.pdf>
(epstopdf)                    date: 2020-03-05 17:17:48
(epstopdf)                    size: 18437 bytes
(epstopdf)             Command: <repstopdf --outfile=./figures_raw/paper_isola-
eps-converted-to.pdf ./figures_raw/paper_isola.eps>
(epstopdf)             \includegraphics on input line 753.
Package epstopdf Info: Output file is already uptodate.
<./figures_raw/paper_isola-eps-converted-to.pdf, id=201, 616.3025pt x 337.26pt>

File: ./figures_raw/paper_isola-eps-converted-to.pdf Graphic file (type pdf)
<use ./figures_raw/paper_isola-eps-converted-to.pdf>
Package pdftex.def Info: ./figures_raw/paper_isola-eps-converted-to.pdf  used o
n input line 753.
(pdftex.def)             Requested size: 312.9803pt x 171.2747pt.
Package epstopdf Info: Source file: <./figures_raw/paper_isola_period.eps>
(epstopdf)                    date: 2020-03-05 17:17:09
(epstopdf)                    size: 66643 bytes
(epstopdf)             Output file: <./figures_raw/paper_isola_period-eps-conve
rted-to.pdf>
(epstopdf)                    date: 2020-03-05 17:17:48
(epstopdf)                    size: 20686 bytes
(epstopdf)             Command: <repstopdf --outfile=./figures_raw/paper_isola_
period-eps-converted-to.pdf ./figures_raw/paper_isola_period.eps>
(epstopdf)             \includegraphics on input line 773.
Package epstopdf Info: Output file is already uptodate.
<./figures_raw/paper_isola_period-eps-converted-to.pdf, id=202, 616.3025pt x 33
7.26pt>
File: ./figures_raw/paper_isola_period-eps-converted-to.pdf Graphic file (type 
pdf)
<use ./figures_raw/paper_isola_period-eps-converted-to.pdf>
Package pdftex.def Info: ./figures_raw/paper_isola_period-eps-converted-to.pdf 
 used on input line 773.
(pdftex.def)             Requested size: 312.9803pt x 171.2747pt.

Preview: Tightpage 0 -46616 0 0
[15 <./figures_raw/paper_isola-eps-converted-to.pdf> <./figures_raw/paper_isola
_period-eps-converted-to.pdf>]
Package epstopdf Info: Source file: <./figures_raw/MMO_2_BAX.eps>
(epstopdf)                    date: 2020-03-03 12:34:43
(epstopdf)                    size: 4684930 bytes
(epstopdf)             Output file: <./figures_raw/MMO_2_BAX-eps-converted-to.p
df>
(epstopdf)                    date: 2020-03-03 12:36:31
(epstopdf)                    size: 405564 bytes
(epstopdf)             Command: <repstopdf --outfile=./figures_raw/MMO_2_BAX-ep
s-converted-to.pdf ./figures_raw/MMO_2_BAX.eps>
(epstopdf)             \includegraphics on input line 801.
Package epstopdf Info: Output file is already uptodate.
<./figures_raw/MMO_2_BAX-eps-converted-to.pdf, id=213, 854.19125pt x 493.845pt>

File: ./figures_raw/MMO_2_BAX-eps-converted-to.pdf Graphic file (type pdf)
<use ./figures_raw/MMO_2_BAX-eps-converted-to.pdf>
Package pdftex.def Info: ./figures_raw/MMO_2_BAX-eps-converted-to.pdf  used on 
input line 801.
(pdftex.def)             Requested size: 358.5049pt x 207.26277pt.
Package epstopdf Info: Source file: <./figures_raw/MMO_1_BAX.eps>
(epstopdf)                    date: 2020-03-06 13:56:15
(epstopdf)                    size: 4725822 bytes
(epstopdf)             Output file: <./figures_raw/MMO_1_BAX-eps-converted-to.p
df>
(epstopdf)                    date: 2020-03-06 13:57:00
(epstopdf)                    size: 409424 bytes
(epstopdf)             Command: <repstopdf --outfile=./figures_raw/MMO_1_BAX-ep
s-converted-to.pdf ./figures_raw/MMO_1_BAX.eps>
(epstopdf)             \includegraphics on input line 817.
Package epstopdf Info: Output file is already uptodate.
<./figures_raw/MMO_1_BAX-eps-converted-to.pdf, id=214, 854.19125pt x 495.8525pt
>
File: ./figures_raw/MMO_1_BAX-eps-converted-to.pdf Graphic file (type pdf)
<use ./figures_raw/MMO_1_BAX-eps-converted-to.pdf>
Package pdftex.def Info: ./figures_raw/MMO_1_BAX-eps-converted-to.pdf  used on 
input line 817.
(pdftex.def)             Requested size: 358.5049pt x 208.1053pt.
Package epstopdf Info: Source file: <./figures_raw/MMO_3_BAX.eps>
(epstopdf)                    date: 2020-03-06 13:31:02
(epstopdf)                    size: 4863990 bytes
(epstopdf)             Output file: <./figures_raw/MMO_3_BAX-eps-converted-to.p
df>
(epstopdf)                    date: 2020-03-06 13:33:34
(epstopdf)                    size: 448433 bytes
(epstopdf)             Command: <repstopdf --outfile=./figures_raw/MMO_3_BAX-ep
s-converted-to.pdf ./figures_raw/MMO_3_BAX.eps>
(epstopdf)             \includegraphics on input line 833.
Package epstopdf Info: Output file is already uptodate.
<./figures_raw/MMO_3_BAX-eps-converted-to.pdf, id=215, 854.19125pt x 496.85625p
t>
File: ./figures_raw/MMO_3_BAX-eps-converted-to.pdf Graphic file (type pdf)
<use ./figures_raw/MMO_3_BAX-eps-converted-to.pdf>
Package pdftex.def Info: ./figures_raw/MMO_3_BAX-eps-converted-to.pdf  used on 
input line 833.
(pdftex.def)             Requested size: 358.5049pt x 208.52657pt.

Preview: Tightpage 0 -46616 0 0
[16 <./figures_raw/MMO_2_BAX-eps-converted-to.pdf> <./figures_raw/MMO_1_BAX-eps
-converted-to.pdf> <./figures_raw/MMO_3_BAX-eps-converted-to.pdf>]
<./figures_raw/MMO_series_elle_1.png, id=235, 5302.209pt x 4647.6837pt>
File: ./figures_raw/MMO_series_elle_1.png Graphic file (type png)
<use ./figures_raw/MMO_series_elle_1.png>
Package pdftex.def Info: ./figures_raw/MMO_series_elle_1.png  used on input lin
e 865.
(pdftex.def)             Requested size: 159.30212pt x 150.77135pt.
<./figures_raw/MMO_series_elle_2.png, id=236, 5302.209pt x 4647.4428pt>
File: ./figures_raw/MMO_series_elle_2.png Graphic file (type png)
<use ./figures_raw/MMO_series_elle_2.png>
Package pdftex.def Info: ./figures_raw/MMO_series_elle_2.png  used on input lin
e 873.
(pdftex.def)             Requested size: 159.30212pt x 150.76353pt.
<./figures_raw/MMO_series_elle_3.png, id=237, 5302.209pt x 4647.4428pt>
File: ./figures_raw/MMO_series_elle_3.png Graphic file (type png)
<use ./figures_raw/MMO_series_elle_3.png>
Package pdftex.def Info: ./figures_raw/MMO_series_elle_3.png  used on input lin
e 883.
(pdftex.def)             Requested size: 159.30212pt x 150.76353pt.
<./figures_raw/MMO_series_elle_4.png, id=238, 5302.209pt x 4647.4428pt>
File: ./figures_raw/MMO_series_elle_4.png Graphic file (type png)
<use ./figures_raw/MMO_series_elle_4.png>
Package pdftex.def Info: ./figures_raw/MMO_series_elle_4.png  used on input lin
e 892.
(pdftex.def)             Requested size: 159.30212pt x 150.76353pt.
<./figures_raw/MMO_series_elle_5.png, id=239, 5302.209pt x 4647.4428pt>
File: ./figures_raw/MMO_series_elle_5.png Graphic file (type png)
<use ./figures_raw/MMO_series_elle_5.png>
Package pdftex.def Info: ./figures_raw/MMO_series_elle_5.png  used on input lin
e 900.
(pdftex.def)             Requested size: 159.30212pt x 150.76353pt.
<./figures_raw/MMO_series_elle_6.png, id=240, 5302.209pt x 4647.4428pt>
File: ./figures_raw/MMO_series_elle_6.png Graphic file (type png)
<use ./figures_raw/MMO_series_elle_6.png>
Package pdftex.def Info: ./figures_raw/MMO_series_elle_6.png  used on input lin
e 909.
(pdftex.def)             Requested size: 159.30212pt x 150.76353pt.
<./figures_raw/MMO_series_elle_7.png, id=241, 5302.209pt x 4647.4428pt>
File: ./figures_raw/MMO_series_elle_7.png Graphic file (type png)
<use ./figures_raw/MMO_series_elle_7.png>
Package pdftex.def Info: ./figures_raw/MMO_series_elle_7.png  used on input lin
e 919.
(pdftex.def)             Requested size: 159.30212pt x 150.76353pt.
<./figures_raw/MMO_series_elle_8.png, id=242, 5302.209pt x 4647.4428pt>
File: ./figures_raw/MMO_series_elle_8.png Graphic file (type png)
<use ./figures_raw/MMO_series_elle_8.png>
Package pdftex.def Info: ./figures_raw/MMO_series_elle_8.png  used on input lin
e 928.
(pdftex.def)             Requested size: 159.30212pt x 150.76353pt.
<./figures_raw/MMO_series_elle_9.png, id=243, 5302.209pt x 4647.4428pt>
File: ./figures_raw/MMO_series_elle_9.png Graphic file (type png)
<use ./figures_raw/MMO_series_elle_9.png>
Package pdftex.def Info: ./figures_raw/MMO_series_elle_9.png  used on input lin
e 937.
(pdftex.def)             Requested size: 159.30212pt x 150.76353pt.
<./figures_raw/MMO_series_elle_10.png, id=244, 5302.209pt x 4647.4428pt>
File: ./figures_raw/MMO_series_elle_10.png Graphic file (type png)
<use ./figures_raw/MMO_series_elle_10.png>
Package pdftex.def Info: ./figures_raw/MMO_series_elle_10.png  used on input li
ne 946.
(pdftex.def)             Requested size: 159.30212pt x 150.76353pt.
<./figures_raw/MMO_series_elle_11.png, id=245, 5302.209pt x 4647.4428pt>
File: ./figures_raw/MMO_series_elle_11.png Graphic file (type png)
<use ./figures_raw/MMO_series_elle_11.png>
Package pdftex.def Info: ./figures_raw/MMO_series_elle_11.png  used on input li
ne 954.
(pdftex.def)             Requested size: 159.30212pt x 150.76353pt.
<./figures_raw/MMO_series_elle_12.png, id=246, 5302.209pt x 4647.4428pt>
File: ./figures_raw/MMO_series_elle_12.png Graphic file (type png)
<use ./figures_raw/MMO_series_elle_12.png>
Package pdftex.def Info: ./figures_raw/MMO_series_elle_12.png  used on input li
ne 964.
(pdftex.def)             Requested size: 159.30212pt x 150.76353pt.

Preview: Tightpage 0 -46616 0 0
[17 <./figures_raw/MMO_series_elle_1.png> <./figures_raw/MMO_series_elle_2.png>
 <./figures_raw/MMO_series_elle_3.png> <./figures_raw/MMO_series_elle_4.png> <.
/figures_raw/MMO_series_elle_5.png> <./figures_raw/MMO_series_elle_6.png> <./fi
gures_raw/MMO_series_elle_7.png> <./figures_raw/MMO_series_elle_8.png> <./figur
es_raw/MMO_series_elle_9.png> <./figures_raw/MMO_series_elle_10.png> <./figures
_raw/MMO_series_elle_11.png> <./figures_raw/MMO_series_elle_12.png>]
<./figures_raw/MMO_time_series_1.png, id=262, 663.9204pt x 582.4962pt>
File: ./figures_raw/MMO_time_series_1.png Graphic file (type png)
<use ./figures_raw/MMO_time_series_1.png>
Package pdftex.def Info: ./figures_raw/MMO_time_series_1.png  used on input lin
e 986.
(pdftex.def)             Requested size: 159.33401pt x 150.7966pt.
<./figures_raw/MMO_time_series_2.png, id=263, 663.9204pt x 582.4962pt>
File: ./figures_raw/MMO_time_series_2.png Graphic file (type png)
<use ./figures_raw/MMO_time_series_2.png>
Package pdftex.def Info: ./figures_raw/MMO_time_series_2.png  used on input lin
e 994.
(pdftex.def)             Requested size: 159.33401pt x 150.7966pt.
<./figures_raw/MMO_time_series_3.png, id=264, 663.9204pt x 582.4962pt>
File: ./figures_raw/MMO_time_series_3.png Graphic file (type png)
<use ./figures_raw/MMO_time_series_3.png>
Package pdftex.def Info: ./figures_raw/MMO_time_series_3.png  used on input lin
e 1004.
(pdftex.def)             Requested size: 159.33401pt x 150.7966pt.
<./figures_raw/MMO_time_series_4.png, id=265, 663.9204pt x 582.4962pt>
File: ./figures_raw/MMO_time_series_4.png Graphic file (type png)
<use ./figures_raw/MMO_time_series_4.png>
Package pdftex.def Info: ./figures_raw/MMO_time_series_4.png  used on input lin
e 1013.
(pdftex.def)             Requested size: 159.33401pt x 150.7966pt.
<./figures_raw/MMO_time_series_5.png, id=266, 663.9204pt x 582.4962pt>
File: ./figures_raw/MMO_time_series_5.png Graphic file (type png)
<use ./figures_raw/MMO_time_series_5.png>
Package pdftex.def Info: ./figures_raw/MMO_time_series_5.png  used on input lin
e 1021.
(pdftex.def)             Requested size: 159.33401pt x 150.7966pt.
<./figures_raw/MMO_time_series_6.png, id=267, 663.9204pt x 582.4962pt>
File: ./figures_raw/MMO_time_series_6.png Graphic file (type png)
<use ./figures_raw/MMO_time_series_6.png>
Package pdftex.def Info: ./figures_raw/MMO_time_series_6.png  used on input lin
e 1030.
(pdftex.def)             Requested size: 159.33401pt x 150.7966pt.
<./figures_raw/MMO_time_series_7.png, id=268, 663.9204pt x 582.4962pt>
File: ./figures_raw/MMO_time_series_7.png Graphic file (type png)
<use ./figures_raw/MMO_time_series_7.png>
Package pdftex.def Info: ./figures_raw/MMO_time_series_7.png  used on input lin
e 1040.
(pdftex.def)             Requested size: 159.33401pt x 150.7966pt.
<./figures_raw/MMO_time_series_8.png, id=269, 663.9204pt x 582.4962pt>
File: ./figures_raw/MMO_time_series_8.png Graphic file (type png)
<use ./figures_raw/MMO_time_series_8.png>
Package pdftex.def Info: ./figures_raw/MMO_time_series_8.png  used on input lin
e 1049.
(pdftex.def)             Requested size: 159.33401pt x 150.7966pt.
<./figures_raw/MMO_time_series_9.png, id=270, 663.9204pt x 582.4962pt>
File: ./figures_raw/MMO_time_series_9.png Graphic file (type png)
<use ./figures_raw/MMO_time_series_9.png>
Package pdftex.def Info: ./figures_raw/MMO_time_series_9.png  used on input lin
e 1058.
(pdftex.def)             Requested size: 159.33401pt x 150.7966pt.
<./figures_raw/MMO_time_series_10.png, id=271, 663.9204pt x 582.4962pt>
File: ./figures_raw/MMO_time_series_10.png Graphic file (type png)
<use ./figures_raw/MMO_time_series_10.png>
Package pdftex.def Info: ./figures_raw/MMO_time_series_10.png  used on input li
ne 1067.
(pdftex.def)             Requested size: 159.33401pt x 150.7966pt.
<./figures_raw/MMO_time_series_11.png, id=272, 663.9204pt x 582.4962pt>
File: ./figures_raw/MMO_time_series_11.png Graphic file (type png)
<use ./figures_raw/MMO_time_series_11.png>
Package pdftex.def Info: ./figures_raw/MMO_time_series_11.png  used on input li
ne 1075.
(pdftex.def)             Requested size: 159.33401pt x 150.7966pt.
<./figures_raw/MMO_time_series_12.png, id=273, 663.9204pt x 582.4962pt>
File: ./figures_raw/MMO_time_series_12.png Graphic file (type png)
<use ./figures_raw/MMO_time_series_12.png>
Package pdftex.def Info: ./figures_raw/MMO_time_series_12.png  used on input li
ne 1085.
(pdftex.def)             Requested size: 159.33401pt x 150.7966pt.

Preview: Tightpage 0 -46616 0 0
[18 <./figures_raw/MMO_time_series_1.png> <./figures_raw/MMO_time_series_2.png>
 <./figures_raw/MMO_time_series_3.png> <./figures_raw/MMO_time_series_4.png> <.
/figures_raw/MMO_time_series_5.png> <./figures_raw/MMO_time_series_6.png> <./fi
gures_raw/MMO_time_series_7.png> <./figures_raw/MMO_time_series_8.png> <./figur
es_raw/MMO_time_series_9.png> <./figures_raw/MMO_time_series_10.png> <./figures
_raw/MMO_time_series_11.png> <./figures_raw/MMO_time_series_12.png>]
<./figures_raw/B_Lin_BAX_2.png, id=289, 1280.1426pt x 711.1368pt>
File: ./figures_raw/B_Lin_BAX_2.png Graphic file (type png)
<use ./figures_raw/B_Lin_BAX_2.png>
Package pdftex.def Info: ./figures_raw/B_Lin_BAX_2.png  used on input line 1114
.
(pdftex.def)             Requested size: 358.5049pt x 199.14949pt.
<./figures_raw/B_Lin_BAX_1.png, id=290, 1280.1426pt x 711.1368pt>
File: ./figures_raw/B_Lin_BAX_1.png Graphic file (type png)
<use ./figures_raw/B_Lin_BAX_1.png>
Package pdftex.def Info: ./figures_raw/B_Lin_BAX_1.png  used on input line 1133
.
(pdftex.def)             Requested size: 358.5049pt x 199.14949pt.

Preview: Tightpage 0 -46616 0 0
[19 <./figures_raw/B_Lin_BAX_2.png (PNG copy)> <./figures_raw/B_Lin_BAX_1.png (
PNG copy)>]
<./figures_raw/error_compare.png, id=295, 1595.2398pt x 1359.6396pt>
File: ./figures_raw/error_compare.png Graphic file (type png)
<use ./figures_raw/error_compare.png>
Package pdftex.def Info: ./figures_raw/error_compare.png  used on input line 11
59.
(pdftex.def)             Requested size: 483.69684pt x 412.25177pt.

Preview: Tightpage 0 -46616 0 0
[20 <./figures_raw/error_compare.png>]
Package epstopdf Info: Source file: <./figures_raw/error_75.eps>
(epstopdf)                    date: 2019-11-21 17:28:01
(epstopdf)                    size: 68169 bytes
(epstopdf)             Output file: <./figures_raw/error_75-eps-converted-to.pd
f>
(epstopdf)                    date: 2019-11-21 17:30:16
(epstopdf)                    size: 64392 bytes
(epstopdf)             Command: <repstopdf --outfile=./figures_raw/error_75-eps
-converted-to.pdf ./figures_raw/error_75.eps>
(epstopdf)             \includegraphics on input line 1186.
Package epstopdf Info: Output file is already uptodate.
<./figures_raw/error_75-eps-converted-to.pdf, id=299, 853.1875pt x 532.99126pt>

File: ./figures_raw/error_75-eps-converted-to.pdf Graphic file (type pdf)
<use ./figures_raw/error_75-eps-converted-to.pdf>
Package pdftex.def Info: ./figures_raw/error_75-eps-converted-to.pdf  used on i
nput line 1186.
(pdftex.def)             Requested size: 483.69684pt x 302.17348pt.

Preview: Tightpage 0 -46616 0 0
[21 <./figures_raw/error_75-eps-converted-to.pdf>] (./MKMO.aux) ) 
Here is how much of TeX's memory you used:
 5071 strings out of 492649
 71533 string characters out of 6129622
 147788 words of memory out of 5000000
 8736 multiletter control sequences out of 15000+600000
 27154 words of font info for 95 fonts, out of 8000000 for 9000
 1141 hyphenation exceptions out of 8191
 42i,10n,35p,322b,272s stack positions out of 5000i,500n,10000p,200000b,80000s
{/usr/local/te
xlive/2018/texmf-dist/fonts/enc/dvips/cm-super/cm-super-t1.enc}</usr/local/texl
ive/2018/texmf-dist/fonts/type1/public/amsfonts/cm/cmbx10.pfb></usr/local/texli
ve/2018/texmf-dist/fonts/type1/public/amsfonts/cm/cmex10.pfb></usr/local/texliv
e/2018/texmf-dist/fonts/type1/public/amsfonts/cmextra/cmex8.pfb></usr/local/tex
live/2018/texmf-dist/fonts/type1/public/amsfonts/cm/cmmi10.pfb></usr/local/texl
ive/2018/texmf-dist/fonts/type1/public/amsfonts/cm/cmmi12.pfb></usr/local/texli
ve/2018/texmf-dist/fonts/type1/public/amsfonts/cm/cmmi8.pfb></usr/local/texlive
/2018/texmf-dist/fonts/type1/public/amsfonts/cm/cmmi9.pfb></usr/local/texlive/2
018/texmf-dist/fonts/type1/public/amsfonts/cm/cmr10.pfb></usr/local/texlive/201
8/texmf-dist/fonts/type1/public/amsfonts/cm/cmr6.pfb></usr/local/texlive/2018/t
exmf-dist/fonts/type1/public/amsfonts/cm/cmr8.pfb></usr/local/texlive/2018/texm
f-dist/fonts/type1/public/amsfonts/cm/cmr9.pfb></usr/local/texlive/2018/texmf-d
ist/fonts/type1/public/amsfonts/cm/cmsy10.pfb></usr/local/texlive/2018/texmf-di
st/fonts/type1/public/amsfonts/cm/cmsy8.pfb></usr/local/texlive/2018/texmf-dist
/fonts/type1/public/amsfonts/cm/cmsy9.pfb></usr/local/texlive/2018/texmf-dist/f
onts/type1/public/rsfs/rsfs10.pfb></usr/local/texlive/2018/texmf-dist/fonts/typ
e1/public/cm-super/sfrm1095.pfb>
Output written on MKMO.pdf (21 pages, 29590293 bytes).
PDF statistics:
 363 PDF objects out of 1000 (max. 8388607)
 180 compressed objects within 2 object streams
 0 named destinations out of 1000 (max. 500000)
 301 words of extra memory for PDF output out of 10000 (max. 10000000)

